<?xml version="1.0" encoding="UTF-8" ?>
<testsuites name="vitest tests" tests="7" failures="1" errors="0" time="17.012">
    <testsuite name="src/pages/__tests__/AdminDashboard.audit-permissions.test.tsx" timestamp="2025-08-09T09:54:36.740Z" hostname="DESKTOP-CSMHNRS" tests="2" failures="1" errors="0" skipped="0" time="3">
        <testcase classname="src/pages/__tests__/AdminDashboard.audit-permissions.test.tsx" name="AdminDashboard Audit and Permissions &gt; displays permissions information" time="1.127">
            <system-err>
Warning: `ReactDOMTestUtils.act` is deprecated in favor of `React.act`. Import `act` from `react` instead of `react-dom/test-utils`. See https://react.dev/warnings/react-dom-test-utils for more info.

            </system-err>
        </testcase>
        <testcase classname="src/pages/__tests__/AdminDashboard.audit-permissions.test.tsx" name="AdminDashboard Audit and Permissions &gt; paginates audit logs via Next/Prev controls" time="1.867">
            <failure message="Unable to find an element with the text: /1-3 of 6/i. This could be because the text is broken up by multiple elements. In this case, you can provide a function for your text matcher to make your matcher more flexible.

Ignored nodes: comments, script, style
[36m&lt;body&gt;[39m
  [36m&lt;div&gt;[39m
    [36m&lt;div[39m
      [33mclass[39m=[32m&quot;min-h-screen bg-background&quot;[39m
    [36m&gt;[39m
      [36m&lt;div[39m
        [33mclass[39m=[32m&quot;border-b bg-card&quot;[39m
      [36m&gt;[39m
        [36m&lt;div[39m
          [33mclass[39m=[32m&quot;container mx-auto px-4 py-4&quot;[39m
        [36m&gt;[39m
          [36m&lt;div[39m
            [33mclass[39m=[32m&quot;flex items-center justify-between&quot;[39m
          [36m&gt;[39m
            [36m&lt;div&gt;[39m
              [36m&lt;h1[39m
                [33mclass[39m=[32m&quot;text-2xl font-bold&quot;[39m
              [36m&gt;[39m
                [0mAdmin Dashboard[0m
              [36m&lt;/h1&gt;[39m
              [36m&lt;p[39m
                [33mclass[39m=[32m&quot;text-muted-foreground&quot;[39m
              [36m&gt;[39m
                [0mSystem administration and monitoring[0m
              [36m&lt;/p&gt;[39m
            [36m&lt;/div&gt;[39m
            [36m&lt;div[39m
              [33mclass[39m=[32m&quot;flex items-center space-x-2&quot;[39m
            [36m&gt;[39m
              [36m&lt;button[39m
                [33mclass[39m=[32m&quot;inline-flex items-center justify-center whitespace-nowrap rounded-md font-medium transition-all duration-200 ease-in-out disabled:pointer-events-none disabled:opacity-50 focus-visible:outline-none focus-visible:ring-2 focus-visible:ring-offset-2 active:scale-[0.98] [&amp;_svg]:pointer-events-none [&amp;_svg:not([class*=\&quot;size-\&quot;])]:size-4 [&amp;_svg]:shrink-0 border border-input bg-background hover:bg-accent hover:text-accent-foreground hover:shadow-sm focus-visible:ring-ring/20 h-8 px-3 text-sm gap-1.5 has-[&gt;svg]:px-2.5&quot;[39m
              [36m&gt;[39m
                [36m&lt;svg[39m
                  [33maria-hidden[39m=[32m&quot;true&quot;[39m
                  [33mclass[39m=[32m&quot;lucide lucide-refresh-cw h-4 w-4 mr-2&quot;[39m
                  [33mfill[39m=[32m&quot;none&quot;[39m
                  [33mheight[39m=[32m&quot;24&quot;[39m
                  [33mstroke[39m=[32m&quot;currentColor&quot;[39m
                  [33mstroke-linecap[39m=[32m&quot;round&quot;[39m
                  [33mstroke-linejoin[39m=[32m&quot;round&quot;[39m
                  [33mstroke-width[39m=[32m&quot;2&quot;[39m
                  [33mviewBox[39m=[32m&quot;0 0 24 24&quot;[39m
                  [33mwidth[39m=[32m&quot;24&quot;[39m
                  [33mxmlns[39m=[32m&quot;http://www.w3.org/2000/svg&quot;[39m
                [36m&gt;[39m
                  [36m&lt;path[39m
                    [33md[39m=[32m&quot;M3 12a9 9 0 0 1 9-9 9.75 9.75 0 0 1 6.74 2.74L21 8&quot;[39m
                  [36m/&gt;[39m
                  [36m&lt;path[39m
                    [33md[39m=[32m&quot;M21 3v5h-5&quot;[39m
                  [36m/&gt;[39m
                  [36m&lt;path[39m
                    [33md[39m=[32m&quot;M21 12a9 9 0 0 1-9 9 9.75 9.75 0 0 1-6.74-2.74L3 16&quot;[39m
                  [36m/&gt;[39m
                  [36m&lt;path[39m
                    [33md[39m=[32m&quot;M8 16H3v5&quot;[39m
                  [36m/&gt;[39m
                [36m&lt;/svg&gt;[39m
                [0mRefresh[0m
              [36m&lt;/button&gt;[39m
              [36m&lt;div[39m
                [33mclass[39m=[32m&quot;flex items-center space-x-2 pl-2&quot;[39m
              [36m&gt;[39m
                [36m&lt;span[39m
                  [33mclass[39m=[32m&quot;text-xs text-muted-foreground&quot;[39m
                [36m&gt;[39m
                  [0mAuto Refresh[0m
                [36m&lt;/span&gt;[39m
                [36m&lt;button[39m
                  [33maria-checked[39m=[32m&quot;true&quot;[39m
                  [33mrole[39m=[32m&quot;switch&quot;[39m
                [36m/&gt;[39m
              [36m&lt;/div&gt;[39m
              [36m&lt;button[39m
                [33mclass[39m=[32m&quot;inline-flex items-center justify-center whitespace-nowrap rounded-md font-medium transition-all duration-200 ease-in-out disabled:pointer-events-none disabled:opacity-50 focus-visible:outline-none focus-visible:ring-2 focus-visible:ring-offset-2 active:scale-[0.98] [&amp;_svg]:pointer-events-none [&amp;_svg:not([class*=\&quot;size-\&quot;])]:size-4 [&amp;_svg]:shrink-0 border border-input bg-background hover:bg-accent hover:text-accent-foreground hover:shadow-sm focus-visible:ring-ring/20 h-8 px-3 text-sm gap-1.5 has-[&gt;svg]:px-2.5&quot;[39m
              [36m&gt;[39m
                [0mBack to App[0m
              [36m&lt;/button&gt;[39m
            [36m&lt;/div&gt;[39m
          [36m&lt;/div&gt;[39m
        [36m&lt;/div&gt;[39m
      [36m&lt;/div&gt;[39m
      [36m&lt;div[39m
        [33mclass[39m=[32m&quot;container mx-auto px-4 py-6&quot;[39m
      [36m&gt;[39m
        [36m&lt;div[39m
          [33mdata-testid[39m=[32m&quot;Tabs&quot;[39m
        [36m&gt;[39m
          [36m&lt;div[39m
            [33mrole[39m=[32m&quot;tablist&quot;[39m
          [36m&gt;[39m
            [36m&lt;button[39m
              [33mrole[39m=[32m&quot;tab&quot;[39m
            [36m&gt;[39m
              [36m&lt;svg[39m
                [33maria-hidden[39m=[32m&quot;true&quot;[39m
                [33mclass[39m=[32m&quot;lucide lucide-activity h-4 w-4&quot;[39m
                [33mfill[39m=[32m&quot;none&quot;[39m
                [33mheight[39m=[32m&quot;24&quot;[39m
                [33mstroke[39m=[32m&quot;currentColor&quot;[39m
                [33mstroke-linecap[39m=[32m&quot;round&quot;[39m
                [33mstroke-linejoin[39m=[32m&quot;round&quot;[39m
                [33mstroke-width[39m=[32m&quot;2&quot;[39m
                [33mviewBox[39m=[32m&quot;0 0 24 24&quot;[39m
                [33mwidth[39m=[32m&quot;24&quot;[39m
                [33mxmlns[39m=[32m&quot;http://www.w3.org/2000/svg&quot;[39m
              [36m&gt;[39m
                [36m&lt;path[39m
                  [33md[39m=[32m&quot;M22 12h-2.48a2 2 0 0 0-1.93 1.46l-2.35 8.36a.25.25 0 0 1-.48 0L9.24 2.18a.25.25 0 0 0-.48 0l-2.35 8.36A2 2 0 0 1 4.49 12H2&quot;[39m
                [36m/&gt;[39m
              [36m&lt;/svg&gt;[39m
              [36m&lt;span&gt;[39m
                [0mOverview[0m
              [36m&lt;/span&gt;[39m
            [36m&lt;/button&gt;[39m
            [36m&lt;button[39m
              [33mrole[39m=[32m&quot;tab&quot;[39m
            [36m&gt;[39m
              [36m&lt;svg[39m
                [33maria-hidden[39m=[32m&quot;true&quot;[39m
                [33mclass[39m=[32m&quot;lucide lucide-users h-4 w-4&quot;[39m
                [33mfill[39m=[32m&quot;none&quot;[39m
                [33mheight[39m=[32m&quot;24&quot;[39m
                [33mstroke[39m=[32m&quot;currentColor&quot;[39m
                [33mstroke-linecap[39m=[32m&quot;round&quot;[39m
                [33mstroke-linejoin[39m=[32m&quot;round&quot;[39m
                [33mstroke-width[39m=[32m&quot;2&quot;[39m
                [33mviewBox[39m=[32m&quot;0 0 24 24&quot;[39m
                [33mwidth[39m=[32m&quot;24&quot;[39m
                [33mxmlns[39m=[32m&quot;http://www.w3.org/2000/svg&quot;[39m
              [36m&gt;[39m
                [36m&lt;path[39m
                  [33md[39m=[32m&quot;M16 21v-2a4 4 0 0 0-4-4H6a4 4 0 0 0-4 4v2&quot;[39m
                [36m/&gt;[39m
                [36m&lt;path[39m
                  [33md[39m=[32m&quot;M16 3.128a4 4 0 0 1 0 7.744&quot;[39m
                [36m/&gt;[39m
                [36m&lt;path[39m
                  [33md[39m=[32m&quot;M22 21v-2a4 4 0 0 0-3-3.87&quot;[39m
                [36m/&gt;[39...

Ignored nodes: comments, script, style
[36m&lt;body&gt;[39m
  [36m&lt;div&gt;[39m
    [36m&lt;div[39m
      [33mclass[39m=[32m&quot;min-h-screen bg-background&quot;[39m
    [36m&gt;[39m
      [36m&lt;div[39m
        [33mclass[39m=[32m&quot;border-b bg-card&quot;[39m
      [36m&gt;[39m
        [36m&lt;div[39m
          [33mclass[39m=[32m&quot;container mx-auto px-4 py-4&quot;[39m
        [36m&gt;[39m
          [36m&lt;div[39m
            [33mclass[39m=[32m&quot;flex items-center justify-between&quot;[39m
          [36m&gt;[39m
            [36m&lt;div&gt;[39m
              [36m&lt;h1[39m
                [33mclass[39m=[32m&quot;text-2xl font-bold&quot;[39m
              [36m&gt;[39m
                [0mAdmin Dashboard[0m
              [36m&lt;/h1&gt;[39m
              [36m&lt;p[39m
                [33mclass[39m=[32m&quot;text-muted-foreground&quot;[39m
              [36m&gt;[39m
                [0mSystem administration and monitoring[0m
              [36m&lt;/p&gt;[39m
            [36m&lt;/div&gt;[39m
            [36m&lt;div[39m
              [33mclass[39m=[32m&quot;flex items-center space-x-2&quot;[39m
            [36m&gt;[39m
              [36m&lt;button[39m
                [33mclass[39m=[32m&quot;inline-flex items-center justify-center whitespace-nowrap rounded-md font-medium transition-all duration-200 ease-in-out disabled:pointer-events-none disabled:opacity-50 focus-visible:outline-none focus-visible:ring-2 focus-visible:ring-offset-2 active:scale-[0.98] [&amp;_svg]:pointer-events-none [&amp;_svg:not([class*=\&quot;size-\&quot;])]:size-4 [&amp;_svg]:shrink-0 border border-input bg-background hover:bg-accent hover:text-accent-foreground hover:shadow-sm focus-visible:ring-ring/20 h-8 px-3 text-sm gap-1.5 has-[&gt;svg]:px-2.5&quot;[39m
              [36m&gt;[39m
                [36m&lt;svg[39m
                  [33maria-hidden[39m=[32m&quot;true&quot;[39m
                  [33mclass[39m=[32m&quot;lucide lucide-refresh-cw h-4 w-4 mr-2&quot;[39m
                  [33mfill[39m=[32m&quot;none&quot;[39m
                  [33mheight[39m=[32m&quot;24&quot;[39m
                  [33mstroke[39m=[32m&quot;currentColor&quot;[39m
                  [33mstroke-linecap[39m=[32m&quot;round&quot;[39m
                  [33mstroke-linejoin[39m=[32m&quot;round&quot;[39m
                  [33mstroke-width[39m=[32m&quot;2&quot;[39m
                  [33mviewBox[39m=[32m&quot;0 0 24 24&quot;[39m
                  [33mwidth[39m=[32m&quot;24&quot;[39m
                  [33mxmlns[39m=[32m&quot;http://www.w3.org/2000/svg&quot;[39m
                [36m&gt;[39m
                  [36m&lt;path[39m
                    [33md[39m=[32m&quot;M3 12a9 9 0 0 1 9-9 9.75 9.75 0 0 1 6.74 2.74L21 8&quot;[39m
                  [36m/&gt;[39m
                  [36m&lt;path[39m
                    [33md[39m=[32m&quot;M21 3v5h-5&quot;[39m
                  [36m/&gt;[39m
                  [36m&lt;path[39m
                    [33md[39m=[32m&quot;M21 12a9 9 0 0 1-9 9 9.75 9.75 0 0 1-6.74-2.74L3 16&quot;[39m
                  [36m/&gt;[39m
                  [36m&lt;path[39m
                    [33md[39m=[32m&quot;M8 16H3v5&quot;[39m
                  [36m/&gt;[39m
                [36m&lt;/svg&gt;[39m
                [0mRefresh[0m
              [36m&lt;/button&gt;[39m
              [36m&lt;div[39m
                [33mclass[39m=[32m&quot;flex items-center space-x-2 pl-2&quot;[39m
              [36m&gt;[39m
                [36m&lt;span[39m
                  [33mclass[39m=[32m&quot;text-xs text-muted-foreground&quot;[39m
                [36m&gt;[39m
                  [0mAuto Refresh[0m
                [36m&lt;/span&gt;[39m
                [36m&lt;button[39m
                  [33maria-checked[39m=[32m&quot;true&quot;[39m
                  [33mrole[39m=[32m&quot;switch&quot;[39m
                [36m/&gt;[39m
              [36m&lt;/div&gt;[39m
              [36m&lt;button[39m
                [33mclass[39m=[32m&quot;inline-flex items-center justify-center whitespace-nowrap rounded-md font-medium transition-all duration-200 ease-in-out disabled:pointer-events-none disabled:opacity-50 focus-visible:outline-none focus-visible:ring-2 focus-visible:ring-offset-2 active:scale-[0.98] [&amp;_svg]:pointer-events-none [&amp;_svg:not([class*=\&quot;size-\&quot;])]:size-4 [&amp;_svg]:shrink-0 border border-input bg-background hover:bg-accent hover:text-accent-foreground hover:shadow-sm focus-visible:ring-ring/20 h-8 px-3 text-sm gap-1.5 has-[&gt;svg]:px-2.5&quot;[39m
              [36m&gt;[39m
                [0mBack to App[0m
              [36m&lt;/button&gt;[39m
            [36m&lt;/div&gt;[39m
          [36m&lt;/div&gt;[39m
        [36m&lt;/div&gt;[39m
      [36m&lt;/div&gt;[39m
      [36m&lt;div[39m
        [33mclass[39m=[32m&quot;container mx-auto px-4 py-6&quot;[39m
      [36m&gt;[39m
        [36m&lt;div[39m
          [33mdata-testid[39m=[32m&quot;Tabs&quot;[39m
        [36m&gt;[39m
          [36m&lt;div[39m
            [33mrole[39m=[32m&quot;tablist&quot;[39m
          [36m&gt;[39m
            [36m&lt;button[39m
              [33mrole[39m=[32m&quot;tab&quot;[39m
            [36m&gt;[39m
              [36m&lt;svg[39m
                [33maria-hidden[39m=[32m&quot;true&quot;[39m
                [33mclass[39m=[32m&quot;lucide lucide-activity h-4 w-4&quot;[39m
                [33mfill[39m=[32m&quot;none&quot;[39m
                [33mheight[39m=[32m&quot;24&quot;[39m
                [33mstroke[39m=[32m&quot;currentColor&quot;[39m
                [33mstroke-linecap[39m=[32m&quot;round&quot;[39m
                [33mstroke-linejoin[39m=[32m&quot;round&quot;[39m
                [33mstroke-width[39m=[32m&quot;2&quot;[39m
                [33mviewBox[39m=[32m&quot;0 0 24 24&quot;[39m
                [33mwidth[39m=[32m&quot;24&quot;[39m
                [33mxmlns[39m=[32m&quot;http://www.w3.org/2000/svg&quot;[39m
              [36m&gt;[39m
                [36m&lt;path[39m
                  [33md[39m=[32m&quot;M22 12h-2.48a2 2 0 0 0-1.93 1.46l-2.35 8.36a.25.25 0 0 1-.48 0L9.24 2.18a.25.25 0 0 0-.48 0l-2.35 8.36A2 2 0 0 1 4.49 12H2&quot;[39m
                [36m/&gt;[39m
              [36m&lt;/svg&gt;[39m
              [36m&lt;span&gt;[39m
                [0mOverview[0m
              [36m&lt;/span&gt;[39m
            [36m&lt;/button&gt;[39m
            [36m&lt;button[39m
              [33mrole[39m=[32m&quot;tab&quot;[39m
            [36m&gt;[39m
              [36m&lt;svg[39m
                [33maria-hidden[39m=[32m&quot;true&quot;[39m
                [33mclass[39m=[32m&quot;lucide lucide-users h-4 w-4&quot;[39m
                [33mfill[39m=[32m&quot;none&quot;[39m
                [33mheight[39m=[32m&quot;24&quot;[39m
                [33mstroke[39m=[32m&quot;currentColor&quot;[39m
                [33mstroke-linecap[39m=[32m&quot;round&quot;[39m
                [33mstroke-linejoin[39m=[32m&quot;round&quot;[39m
                [33mstroke-width[39m=[32m&quot;2&quot;[39m
                [33mviewBox[39m=[32m&quot;0 0 24 24&quot;[39m
                [33mwidth[39m=[32m&quot;24&quot;[39m
                [33mxmlns[39m=[32m&quot;http://www.w3.org/2000/svg&quot;[39m
              [36m&gt;[39m
                [36m&lt;path[39m
                  [33md[39m=[32m&quot;M16 21v-2a4 4 0 0 0-4-4H6a4 4 0 0 0-4 4v2&quot;[39m
                [36m/&gt;[39m
                [36m&lt;path[39m
                  [33md[39m=[32m&quot;M16 3.128a4 4 0 0 1 0 7.744&quot;[39m
                [36m/&gt;[39m
                [36m&lt;path[39m
                  [33md[39m=[32m&quot;M22 21v-2a4 4 0 0 0-3-3.87&quot;[39m
                [36m/&gt;[39..." type="TestingLibraryElementError">
TestingLibraryElementError: Unable to find an element with the text: /1-3 of 6/i. This could be because the text is broken up by multiple elements. In this case, you can provide a function for your text matcher to make your matcher more flexible.

Ignored nodes: comments, script, style
[36m&lt;body&gt;[39m
  [36m&lt;div&gt;[39m
    [36m&lt;div[39m
      [33mclass[39m=[32m&quot;min-h-screen bg-background&quot;[39m
    [36m&gt;[39m
      [36m&lt;div[39m
        [33mclass[39m=[32m&quot;border-b bg-card&quot;[39m
      [36m&gt;[39m
        [36m&lt;div[39m
          [33mclass[39m=[32m&quot;container mx-auto px-4 py-4&quot;[39m
        [36m&gt;[39m
          [36m&lt;div[39m
            [33mclass[39m=[32m&quot;flex items-center justify-between&quot;[39m
          [36m&gt;[39m
            [36m&lt;div&gt;[39m
              [36m&lt;h1[39m
                [33mclass[39m=[32m&quot;text-2xl font-bold&quot;[39m
              [36m&gt;[39m
                [0mAdmin Dashboard[0m
              [36m&lt;/h1&gt;[39m
              [36m&lt;p[39m
                [33mclass[39m=[32m&quot;text-muted-foreground&quot;[39m
              [36m&gt;[39m
                [0mSystem administration and monitoring[0m
              [36m&lt;/p&gt;[39m
            [36m&lt;/div&gt;[39m
            [36m&lt;div[39m
              [33mclass[39m=[32m&quot;flex items-center space-x-2&quot;[39m
            [36m&gt;[39m
              [36m&lt;button[39m
                [33mclass[39m=[32m&quot;inline-flex items-center justify-center whitespace-nowrap rounded-md font-medium transition-all duration-200 ease-in-out disabled:pointer-events-none disabled:opacity-50 focus-visible:outline-none focus-visible:ring-2 focus-visible:ring-offset-2 active:scale-[0.98] [&amp;_svg]:pointer-events-none [&amp;_svg:not([class*=\&quot;size-\&quot;])]:size-4 [&amp;_svg]:shrink-0 border border-input bg-background hover:bg-accent hover:text-accent-foreground hover:shadow-sm focus-visible:ring-ring/20 h-8 px-3 text-sm gap-1.5 has-[&gt;svg]:px-2.5&quot;[39m
              [36m&gt;[39m
                [36m&lt;svg[39m
                  [33maria-hidden[39m=[32m&quot;true&quot;[39m
                  [33mclass[39m=[32m&quot;lucide lucide-refresh-cw h-4 w-4 mr-2&quot;[39m
                  [33mfill[39m=[32m&quot;none&quot;[39m
                  [33mheight[39m=[32m&quot;24&quot;[39m
                  [33mstroke[39m=[32m&quot;currentColor&quot;[39m
                  [33mstroke-linecap[39m=[32m&quot;round&quot;[39m
                  [33mstroke-linejoin[39m=[32m&quot;round&quot;[39m
                  [33mstroke-width[39m=[32m&quot;2&quot;[39m
                  [33mviewBox[39m=[32m&quot;0 0 24 24&quot;[39m
                  [33mwidth[39m=[32m&quot;24&quot;[39m
                  [33mxmlns[39m=[32m&quot;http://www.w3.org/2000/svg&quot;[39m
                [36m&gt;[39m
                  [36m&lt;path[39m
                    [33md[39m=[32m&quot;M3 12a9 9 0 0 1 9-9 9.75 9.75 0 0 1 6.74 2.74L21 8&quot;[39m
                  [36m/&gt;[39m
                  [36m&lt;path[39m
                    [33md[39m=[32m&quot;M21 3v5h-5&quot;[39m
                  [36m/&gt;[39m
                  [36m&lt;path[39m
                    [33md[39m=[32m&quot;M21 12a9 9 0 0 1-9 9 9.75 9.75 0 0 1-6.74-2.74L3 16&quot;[39m
                  [36m/&gt;[39m
                  [36m&lt;path[39m
                    [33md[39m=[32m&quot;M8 16H3v5&quot;[39m
                  [36m/&gt;[39m
                [36m&lt;/svg&gt;[39m
                [0mRefresh[0m
              [36m&lt;/button&gt;[39m
              [36m&lt;div[39m
                [33mclass[39m=[32m&quot;flex items-center space-x-2 pl-2&quot;[39m
              [36m&gt;[39m
                [36m&lt;span[39m
                  [33mclass[39m=[32m&quot;text-xs text-muted-foreground&quot;[39m
                [36m&gt;[39m
                  [0mAuto Refresh[0m
                [36m&lt;/span&gt;[39m
                [36m&lt;button[39m
                  [33maria-checked[39m=[32m&quot;true&quot;[39m
                  [33mrole[39m=[32m&quot;switch&quot;[39m
                [36m/&gt;[39m
              [36m&lt;/div&gt;[39m
              [36m&lt;button[39m
                [33mclass[39m=[32m&quot;inline-flex items-center justify-center whitespace-nowrap rounded-md font-medium transition-all duration-200 ease-in-out disabled:pointer-events-none disabled:opacity-50 focus-visible:outline-none focus-visible:ring-2 focus-visible:ring-offset-2 active:scale-[0.98] [&amp;_svg]:pointer-events-none [&amp;_svg:not([class*=\&quot;size-\&quot;])]:size-4 [&amp;_svg]:shrink-0 border border-input bg-background hover:bg-accent hover:text-accent-foreground hover:shadow-sm focus-visible:ring-ring/20 h-8 px-3 text-sm gap-1.5 has-[&gt;svg]:px-2.5&quot;[39m
              [36m&gt;[39m
                [0mBack to App[0m
              [36m&lt;/button&gt;[39m
            [36m&lt;/div&gt;[39m
          [36m&lt;/div&gt;[39m
        [36m&lt;/div&gt;[39m
      [36m&lt;/div&gt;[39m
      [36m&lt;div[39m
        [33mclass[39m=[32m&quot;container mx-auto px-4 py-6&quot;[39m
      [36m&gt;[39m
        [36m&lt;div[39m
          [33mdata-testid[39m=[32m&quot;Tabs&quot;[39m
        [36m&gt;[39m
          [36m&lt;div[39m
            [33mrole[39m=[32m&quot;tablist&quot;[39m
          [36m&gt;[39m
            [36m&lt;button[39m
              [33mrole[39m=[32m&quot;tab&quot;[39m
            [36m&gt;[39m
              [36m&lt;svg[39m
                [33maria-hidden[39m=[32m&quot;true&quot;[39m
                [33mclass[39m=[32m&quot;lucide lucide-activity h-4 w-4&quot;[39m
                [33mfill[39m=[32m&quot;none&quot;[39m
                [33mheight[39m=[32m&quot;24&quot;[39m
                [33mstroke[39m=[32m&quot;currentColor&quot;[39m
                [33mstroke-linecap[39m=[32m&quot;round&quot;[39m
                [33mstroke-linejoin[39m=[32m&quot;round&quot;[39m
                [33mstroke-width[39m=[32m&quot;2&quot;[39m
                [33mviewBox[39m=[32m&quot;0 0 24 24&quot;[39m
                [33mwidth[39m=[32m&quot;24&quot;[39m
                [33mxmlns[39m=[32m&quot;http://www.w3.org/2000/svg&quot;[39m
              [36m&gt;[39m
                [36m&lt;path[39m
                  [33md[39m=[32m&quot;M22 12h-2.48a2 2 0 0 0-1.93 1.46l-2.35 8.36a.25.25 0 0 1-.48 0L9.24 2.18a.25.25 0 0 0-.48 0l-2.35 8.36A2 2 0 0 1 4.49 12H2&quot;[39m
                [36m/&gt;[39m
              [36m&lt;/svg&gt;[39m
              [36m&lt;span&gt;[39m
                [0mOverview[0m
              [36m&lt;/span&gt;[39m
            [36m&lt;/button&gt;[39m
            [36m&lt;button[39m
              [33mrole[39m=[32m&quot;tab&quot;[39m
            [36m&gt;[39m
              [36m&lt;svg[39m
                [33maria-hidden[39m=[32m&quot;true&quot;[39m
                [33mclass[39m=[32m&quot;lucide lucide-users h-4 w-4&quot;[39m
                [33mfill[39m=[32m&quot;none&quot;[39m
                [33mheight[39m=[32m&quot;24&quot;[39m
                [33mstroke[39m=[32m&quot;currentColor&quot;[39m
                [33mstroke-linecap[39m=[32m&quot;round&quot;[39m
                [33mstroke-linejoin[39m=[32m&quot;round&quot;[39m
                [33mstroke-width[39m=[32m&quot;2&quot;[39m
                [33mviewBox[39m=[32m&quot;0 0 24 24&quot;[39m
                [33mwidth[39m=[32m&quot;24&quot;[39m
                [33mxmlns[39m=[32m&quot;http://www.w3.org/2000/svg&quot;[39m
              [36m&gt;[39m
                [36m&lt;path[39m
                  [33md[39m=[32m&quot;M16 21v-2a4 4 0 0 0-4-4H6a4 4 0 0 0-4 4v2&quot;[39m
                [36m/&gt;[39m
                [36m&lt;path[39m
                  [33md[39m=[32m&quot;M16 3.128a4 4 0 0 1 0 7.744&quot;[39m
                [36m/&gt;[39m
                [36m&lt;path[39m
                  [33md[39m=[32m&quot;M22 21v-2a4 4 0 0 0-3-3.87&quot;[39m
                [36m/&gt;[39...

Ignored nodes: comments, script, style
[36m&lt;body&gt;[39m
  [36m&lt;div&gt;[39m
    [36m&lt;div[39m
      [33mclass[39m=[32m&quot;min-h-screen bg-background&quot;[39m
    [36m&gt;[39m
      [36m&lt;div[39m
        [33mclass[39m=[32m&quot;border-b bg-card&quot;[39m
      [36m&gt;[39m
        [36m&lt;div[39m
          [33mclass[39m=[32m&quot;container mx-auto px-4 py-4&quot;[39m
        [36m&gt;[39m
          [36m&lt;div[39m
            [33mclass[39m=[32m&quot;flex items-center justify-between&quot;[39m
          [36m&gt;[39m
            [36m&lt;div&gt;[39m
              [36m&lt;h1[39m
                [33mclass[39m=[32m&quot;text-2xl font-bold&quot;[39m
              [36m&gt;[39m
                [0mAdmin Dashboard[0m
              [36m&lt;/h1&gt;[39m
              [36m&lt;p[39m
                [33mclass[39m=[32m&quot;text-muted-foreground&quot;[39m
              [36m&gt;[39m
                [0mSystem administration and monitoring[0m
              [36m&lt;/p&gt;[39m
            [36m&lt;/div&gt;[39m
            [36m&lt;div[39m
              [33mclass[39m=[32m&quot;flex items-center space-x-2&quot;[39m
            [36m&gt;[39m
              [36m&lt;button[39m
                [33mclass[39m=[32m&quot;inline-flex items-center justify-center whitespace-nowrap rounded-md font-medium transition-all duration-200 ease-in-out disabled:pointer-events-none disabled:opacity-50 focus-visible:outline-none focus-visible:ring-2 focus-visible:ring-offset-2 active:scale-[0.98] [&amp;_svg]:pointer-events-none [&amp;_svg:not([class*=\&quot;size-\&quot;])]:size-4 [&amp;_svg]:shrink-0 border border-input bg-background hover:bg-accent hover:text-accent-foreground hover:shadow-sm focus-visible:ring-ring/20 h-8 px-3 text-sm gap-1.5 has-[&gt;svg]:px-2.5&quot;[39m
              [36m&gt;[39m
                [36m&lt;svg[39m
                  [33maria-hidden[39m=[32m&quot;true&quot;[39m
                  [33mclass[39m=[32m&quot;lucide lucide-refresh-cw h-4 w-4 mr-2&quot;[39m
                  [33mfill[39m=[32m&quot;none&quot;[39m
                  [33mheight[39m=[32m&quot;24&quot;[39m
                  [33mstroke[39m=[32m&quot;currentColor&quot;[39m
                  [33mstroke-linecap[39m=[32m&quot;round&quot;[39m
                  [33mstroke-linejoin[39m=[32m&quot;round&quot;[39m
                  [33mstroke-width[39m=[32m&quot;2&quot;[39m
                  [33mviewBox[39m=[32m&quot;0 0 24 24&quot;[39m
                  [33mwidth[39m=[32m&quot;24&quot;[39m
                  [33mxmlns[39m=[32m&quot;http://www.w3.org/2000/svg&quot;[39m
                [36m&gt;[39m
                  [36m&lt;path[39m
                    [33md[39m=[32m&quot;M3 12a9 9 0 0 1 9-9 9.75 9.75 0 0 1 6.74 2.74L21 8&quot;[39m
                  [36m/&gt;[39m
                  [36m&lt;path[39m
                    [33md[39m=[32m&quot;M21 3v5h-5&quot;[39m
                  [36m/&gt;[39m
                  [36m&lt;path[39m
                    [33md[39m=[32m&quot;M21 12a9 9 0 0 1-9 9 9.75 9.75 0 0 1-6.74-2.74L3 16&quot;[39m
                  [36m/&gt;[39m
                  [36m&lt;path[39m
                    [33md[39m=[32m&quot;M8 16H3v5&quot;[39m
                  [36m/&gt;[39m
                [36m&lt;/svg&gt;[39m
                [0mRefresh[0m
              [36m&lt;/button&gt;[39m
              [36m&lt;div[39m
                [33mclass[39m=[32m&quot;flex items-center space-x-2 pl-2&quot;[39m
              [36m&gt;[39m
                [36m&lt;span[39m
                  [33mclass[39m=[32m&quot;text-xs text-muted-foreground&quot;[39m
                [36m&gt;[39m
                  [0mAuto Refresh[0m
                [36m&lt;/span&gt;[39m
                [36m&lt;button[39m
                  [33maria-checked[39m=[32m&quot;true&quot;[39m
                  [33mrole[39m=[32m&quot;switch&quot;[39m
                [36m/&gt;[39m
              [36m&lt;/div&gt;[39m
              [36m&lt;button[39m
                [33mclass[39m=[32m&quot;inline-flex items-center justify-center whitespace-nowrap rounded-md font-medium transition-all duration-200 ease-in-out disabled:pointer-events-none disabled:opacity-50 focus-visible:outline-none focus-visible:ring-2 focus-visible:ring-offset-2 active:scale-[0.98] [&amp;_svg]:pointer-events-none [&amp;_svg:not([class*=\&quot;size-\&quot;])]:size-4 [&amp;_svg]:shrink-0 border border-input bg-background hover:bg-accent hover:text-accent-foreground hover:shadow-sm focus-visible:ring-ring/20 h-8 px-3 text-sm gap-1.5 has-[&gt;svg]:px-2.5&quot;[39m
              [36m&gt;[39m
                [0mBack to App[0m
              [36m&lt;/button&gt;[39m
            [36m&lt;/div&gt;[39m
          [36m&lt;/div&gt;[39m
        [36m&lt;/div&gt;[39m
      [36m&lt;/div&gt;[39m
      [36m&lt;div[39m
        [33mclass[39m=[32m&quot;container mx-auto px-4 py-6&quot;[39m
      [36m&gt;[39m
        [36m&lt;div[39m
          [33mdata-testid[39m=[32m&quot;Tabs&quot;[39m
        [36m&gt;[39m
          [36m&lt;div[39m
            [33mrole[39m=[32m&quot;tablist&quot;[39m
          [36m&gt;[39m
            [36m&lt;button[39m
              [33mrole[39m=[32m&quot;tab&quot;[39m
            [36m&gt;[39m
              [36m&lt;svg[39m
                [33maria-hidden[39m=[32m&quot;true&quot;[39m
                [33mclass[39m=[32m&quot;lucide lucide-activity h-4 w-4&quot;[39m
                [33mfill[39m=[32m&quot;none&quot;[39m
                [33mheight[39m=[32m&quot;24&quot;[39m
                [33mstroke[39m=[32m&quot;currentColor&quot;[39m
                [33mstroke-linecap[39m=[32m&quot;round&quot;[39m
                [33mstroke-linejoin[39m=[32m&quot;round&quot;[39m
                [33mstroke-width[39m=[32m&quot;2&quot;[39m
                [33mviewBox[39m=[32m&quot;0 0 24 24&quot;[39m
                [33mwidth[39m=[32m&quot;24&quot;[39m
                [33mxmlns[39m=[32m&quot;http://www.w3.org/2000/svg&quot;[39m
              [36m&gt;[39m
                [36m&lt;path[39m
                  [33md[39m=[32m&quot;M22 12h-2.48a2 2 0 0 0-1.93 1.46l-2.35 8.36a.25.25 0 0 1-.48 0L9.24 2.18a.25.25 0 0 0-.48 0l-2.35 8.36A2 2 0 0 1 4.49 12H2&quot;[39m
                [36m/&gt;[39m
              [36m&lt;/svg&gt;[39m
              [36m&lt;span&gt;[39m
                [0mOverview[0m
              [36m&lt;/span&gt;[39m
            [36m&lt;/button&gt;[39m
            [36m&lt;button[39m
              [33mrole[39m=[32m&quot;tab&quot;[39m
            [36m&gt;[39m
              [36m&lt;svg[39m
                [33maria-hidden[39m=[32m&quot;true&quot;[39m
                [33mclass[39m=[32m&quot;lucide lucide-users h-4 w-4&quot;[39m
                [33mfill[39m=[32m&quot;none&quot;[39m
                [33mheight[39m=[32m&quot;24&quot;[39m
                [33mstroke[39m=[32m&quot;currentColor&quot;[39m
                [33mstroke-linecap[39m=[32m&quot;round&quot;[39m
                [33mstroke-linejoin[39m=[32m&quot;round&quot;[39m
                [33mstroke-width[39m=[32m&quot;2&quot;[39m
                [33mviewBox[39m=[32m&quot;0 0 24 24&quot;[39m
                [33mwidth[39m=[32m&quot;24&quot;[39m
                [33mxmlns[39m=[32m&quot;http://www.w3.org/2000/svg&quot;[39m
              [36m&gt;[39m
                [36m&lt;path[39m
                  [33md[39m=[32m&quot;M16 21v-2a4 4 0 0 0-4-4H6a4 4 0 0 0-4 4v2&quot;[39m
                [36m/&gt;[39m
                [36m&lt;path[39m
                  [33md[39m=[32m&quot;M16 3.128a4 4 0 0 1 0 7.744&quot;[39m
                [36m/&gt;[39m
                [36m&lt;path[39m
                  [33md[39m=[32m&quot;M22 21v-2a4 4 0 0 0-3-3.87&quot;[39m
                [36m/&gt;[39...
 ❯ waitForWrapper node_modules/.pnpm/@testing-library+dom@8.20.1/node_modules/@testing-library/dom/dist/wait-for.js:166:27
 ❯ findByText node_modules/.pnpm/@testing-library+dom@8.20.1/node_modules/@testing-library/dom/dist/query-helpers.js:86:33
 ❯ src/pages/__tests__/AdminDashboard.audit-permissions.test.tsx:88:29
            </failure>
        </testcase>
    </testsuite>
    <testsuite name="src/pages/__tests__/AdminDashboard.logs.test.tsx" timestamp="2025-08-09T09:54:36.770Z" hostname="DESKTOP-CSMHNRS" tests="1" failures="0" errors="0" skipped="0" time="1.661">
        <testcase classname="src/pages/__tests__/AdminDashboard.logs.test.tsx" name="AdminDashboard Logs pagination &gt; renders logs list and paging controls" time="1.653">
            <system-err>
Warning: `ReactDOMTestUtils.act` is deprecated in favor of `React.act`. Import `act` from `react` instead of `react-dom/test-utils`. See https://react.dev/warnings/react-dom-test-utils for more info.

Warning: An update to AdminDashboard inside a test was not wrapped in act(...).

When testing, code that causes React state updates should be wrapped into act(...):

act(() =&gt; {
  /* fire events that update state */
});
/* assert on the output */

This ensures that you&apos;re testing the behavior the user would see in the browser. Learn more at https://reactjs.org/link/wrap-tests-with-act
    at AdminDashboard (/home/alex/projects/fin-model/frontend/src/pages/AdminDashboard.tsx:39:61)
Warning: An update to AdminDashboard inside a test was not wrapped in act(...).

When testing, code that causes React state updates should be wrapped into act(...):

act(() =&gt; {
  /* fire events that update state */
});
/* assert on the output */

This ensures that you&apos;re testing the behavior the user would see in the browser. Learn more at https://reactjs.org/link/wrap-tests-with-act
    at AdminDashboard (/home/alex/projects/fin-model/frontend/src/pages/AdminDashboard.tsx:39:61)
Warning: An update to AdminDashboard inside a test was not wrapped in act(...).

When testing, code that causes React state updates should be wrapped into act(...):

act(() =&gt; {
  /* fire events that update state */
});
/* assert on the output */

This ensures that you&apos;re testing the behavior the user would see in the browser. Learn more at https://reactjs.org/link/wrap-tests-with-act
    at AdminDashboard (/home/alex/projects/fin-model/frontend/src/pages/AdminDashboard.tsx:39:61)

            </system-err>
        </testcase>
    </testsuite>
    <testsuite name="src/pages/__tests__/AdminDashboard.maintenance.test.tsx" timestamp="2025-08-09T09:54:36.778Z" hostname="DESKTOP-CSMHNRS" tests="1" failures="0" errors="0" skipped="0" time="1.261">
        <testcase classname="src/pages/__tests__/AdminDashboard.maintenance.test.tsx" name="AdminDashboard Maintenance schedules &gt; clears rate limits via Maintenance &gt; Security action" time="1.256">
            <system-err>
Warning: `ReactDOMTestUtils.act` is deprecated in favor of `React.act`. Import `act` from `react` instead of `react-dom/test-utils`. See https://react.dev/warnings/react-dom-test-utils for more info.

Warning: An update to AdminDashboard inside a test was not wrapped in act(...).

When testing, code that causes React state updates should be wrapped into act(...):

act(() =&gt; {
  /* fire events that update state */
});
/* assert on the output */

This ensures that you&apos;re testing the behavior the user would see in the browser. Learn more at https://reactjs.org/link/wrap-tests-with-act
    at AdminDashboard (/home/alex/projects/fin-model/frontend/src/pages/AdminDashboard.tsx:39:61)
Warning: An update to AdminDashboard inside a test was not wrapped in act(...).

When testing, code that causes React state updates should be wrapped into act(...):

act(() =&gt; {
  /* fire events that update state */
});
/* assert on the output */

This ensures that you&apos;re testing the behavior the user would see in the browser. Learn more at https://reactjs.org/link/wrap-tests-with-act
    at AdminDashboard (/home/alex/projects/fin-model/frontend/src/pages/AdminDashboard.tsx:39:61)

            </system-err>
        </testcase>
    </testsuite>
    <testsuite name="src/pages/__tests__/AdminDashboard.overview-maintenance.test.tsx" timestamp="2025-08-09T09:54:36.796Z" hostname="DESKTOP-CSMHNRS" tests="3" failures="0" errors="0" skipped="0" time="3.146">
        <testcase classname="src/pages/__tests__/AdminDashboard.overview-maintenance.test.tsx" name="AdminDashboard Overview and Maintenance &gt; renders healthy overview with no critical alerts" time="0.528">
            <system-err>
Warning: `ReactDOMTestUtils.act` is deprecated in favor of `React.act`. Import `act` from `react` instead of `react-dom/test-utils`. See https://react.dev/warnings/react-dom-test-utils for more info.

            </system-err>
        </testcase>
        <testcase classname="src/pages/__tests__/AdminDashboard.overview-maintenance.test.tsx" name="AdminDashboard Overview and Maintenance &gt; shows High CPU Usage alert when cpu_usage &gt; 90" time="0.519">
        </testcase>
        <testcase classname="src/pages/__tests__/AdminDashboard.overview-maintenance.test.tsx" name="AdminDashboard Overview and Maintenance &gt; runs maintenance: preview cleanup and run cleanup" time="2.094">
            <system-err>
Warning: An update to AdminDashboard inside a test was not wrapped in act(...).

When testing, code that causes React state updates should be wrapped into act(...):

act(() =&gt; {
  /* fire events that update state */
});
/* assert on the output */

This ensures that you&apos;re testing the behavior the user would see in the browser. Learn more at https://reactjs.org/link/wrap-tests-with-act
    at AdminDashboard (/home/alex/projects/fin-model/frontend/src/pages/AdminDashboard.tsx:39:61)
Warning: An update to AdminDashboard inside a test was not wrapped in act(...).

When testing, code that causes React state updates should be wrapped into act(...):

act(() =&gt; {
  /* fire events that update state */
});
/* assert on the output */

This ensures that you&apos;re testing the behavior the user would see in the browser. Learn more at https://reactjs.org/link/wrap-tests-with-act
    at AdminDashboard (/home/alex/projects/fin-model/frontend/src/pages/AdminDashboard.tsx:39:61)

Warning: An update to AdminDashboard inside a test was not wrapped in act(...).

When testing, code that causes React state updates should be wrapped into act(...):

act(() =&gt; {
  /* fire events that update state */
});
/* assert on the output */

This ensures that you&apos;re testing the behavior the user would see in the browser. Learn more at https://reactjs.org/link/wrap-tests-with-act
    at AdminDashboard (/home/alex/projects/fin-model/frontend/src/pages/AdminDashboard.tsx:39:61)
Warning: An update to AdminDashboard inside a test was not wrapped in act(...).

When testing, code that causes React state updates should be wrapped into act(...):

act(() =&gt; {
  /* fire events that update state */
});
/* assert on the output */

This ensures that you&apos;re testing the behavior the user would see in the browser. Learn more at https://reactjs.org/link/wrap-tests-with-act
    at AdminDashboard (/home/alex/projects/fin-model/frontend/src/pages/AdminDashboard.tsx:39:61)
Warning: An update to AdminDashboard inside a test was not wrapped in act(...).

When testing, code that causes React state updates should be wrapped into act(...):

act(() =&gt; {
  /* fire events that update state */
});
/* assert on the output */

This ensures that you&apos;re testing the behavior the user would see in the browser. Learn more at https://reactjs.org/link/wrap-tests-with-act
    at AdminDashboard (/home/alex/projects/fin-model/frontend/src/pages/AdminDashboard.tsx:39:61)
Warning: An update to AdminDashboard inside a test was not wrapped in act(...).

When testing, code that causes React state updates should be wrapped into act(...):

act(() =&gt; {
  /* fire events that update state */
});
/* assert on the output */

This ensures that you&apos;re testing the behavior the user would see in the browser. Learn more at https://reactjs.org/link/wrap-tests-with-act
    at AdminDashboard (/home/alex/projects/fin-model/frontend/src/pages/AdminDashboard.tsx:39:61)
Warning: An update to AdminDashboard inside a test was not wrapped in act(...).

When testing, code that causes React state updates should be wrapped into act(...):

act(() =&gt; {
  /* fire events that update state */
});
/* assert on the output */

This ensures that you&apos;re testing the behavior the user would see in the browser. Learn more at https://reactjs.org/link/wrap-tests-with-act
    at AdminDashboard (/home/alex/projects/fin-model/frontend/src/pages/AdminDashboard.tsx:39:61)
Warning: An update to AdminDashboard inside a test was not wrapped in act(...).

When testing, code that causes React state updates should be wrapped into act(...):

act(() =&gt; {
  /* fire events that update state */
});
/* assert on the output */

This ensures that you&apos;re testing the behavior the user would see in the browser. Learn more at https://reactjs.org/link/wrap-tests-with-act
    at AdminDashboard (/home/alex/projects/fin-model/frontend/src/pages/AdminDashboard.tsx:39:61)
Warning: An update to AdminDashboard inside a test was not wrapped in act(...).

When testing, code that causes React state updates should be wrapped into act(...):

act(() =&gt; {
  /* fire events that update state */
});
/* assert on the output */

This ensures that you&apos;re testing the behavior the user would see in the browser. Learn more at https://reactjs.org/link/wrap-tests-with-act
    at AdminDashboard (/home/alex/projects/fin-model/frontend/src/pages/AdminDashboard.tsx:39:61)
Warning: An update to AdminDashboard inside a test was not wrapped in act(...).

When testing, code that causes React state updates should be wrapped into act(...):

act(() =&gt; {
  /* fire events that update state */
});
/* assert on the output */

This ensures that you&apos;re testing the behavior the user would see in the browser. Learn more at https://reactjs.org/link/wrap-tests-with-act
    at AdminDashboard (/home/alex/projects/fin-model/frontend/src/pages/AdminDashboard.tsx:39:61)
Warning: An update to AdminDashboard inside a test was not wrapped in act(...).

When testing, code that causes React state updates should be wrapped into act(...):

act(() =&gt; {
  /* fire events that update state */
});
/* assert on the output */

This ensures that you&apos;re testing the behavior the user would see in the browser. Learn more at https://reactjs.org/link/wrap-tests-with-act
    at AdminDashboard (/home/alex/projects/fin-model/frontend/src/pages/AdminDashboard.tsx:39:61)
Warning: An update to AdminDashboard inside a test was not wrapped in act(...).

When testing, code that causes React state updates should be wrapped into act(...):

act(() =&gt; {
  /* fire events that update state */
});
/* assert on the output */

This ensures that you&apos;re testing the behavior the user would see in the browser. Learn more at https://reactjs.org/link/wrap-tests-with-act
    at AdminDashboard (/home/alex/projects/fin-model/frontend/src/pages/AdminDashboard.tsx:39:61)
Warning: An update to AdminDashboard inside a test was not wrapped in act(...).

When testing, code that causes React state updates should be wrapped into act(...):

act(() =&gt; {
  /* fire events that update state */
});
/* assert on the output */

This ensures that you&apos;re testing the behavior the user would see in the browser. Learn more at https://reactjs.org/link/wrap-tests-with-act
    at AdminDashboard (/home/alex/projects/fin-model/frontend/src/pages/AdminDashboard.tsx:39:61)
Warning: An update to AdminDashboard inside a test was not wrapped in act(...).

When testing, code that causes React state updates should be wrapped into act(...):

act(() =&gt; {
  /* fire events that update state */
});
/* assert on the output */

This ensures that you&apos;re testing the behavior the user would see in the browser. Learn more at https://reactjs.org/link/wrap-tests-with-act
    at AdminDashboard (/home/alex/projects/fin-model/frontend/src/pages/AdminDashboard.tsx:39:61)
Warning: An update to AdminDashboard inside a test was not wrapped in act(...).

When testing, code that causes React state updates should be wrapped into act(...):

act(() =&gt; {
  /* fire events that update state */
});
/* assert on the output */

This ensures that you&apos;re testing the behavior the user would see in the browser. Learn more at https://reactjs.org/link/wrap-tests-with-act
    at AdminDashboard (/home/alex/projects/fin-model/frontend/src/pages/AdminDashboard.tsx:39:61)
Warning: An update to AdminDashboard inside a test was not wrapped in act(...).

When testing, code that causes React state updates should be wrapped into act(...):

act(() =&gt; {
  /* fire events that update state */
});
/* assert on the output */

This ensures that you&apos;re testing the behavior the user would see in the browser. Learn more at https://reactjs.org/link/wrap-tests-with-act
    at AdminDashboard (/home/alex/projects/fin-model/frontend/src/pages/AdminDashboard.tsx:39:61)
Warning: An update to AdminDashboard inside a test was not wrapped in act(...).

When testing, code that causes React state updates should be wrapped into act(...):

act(() =&gt; {
  /* fire events that update state */
});
/* assert on the output */

This ensures that you&apos;re testing the behavior the user would see in the browser. Learn more at https://reactjs.org/link/wrap-tests-with-act
    at AdminDashboard (/home/alex/projects/fin-model/frontend/src/pages/AdminDashboard.tsx:39:61)
Warning: An update to AdminDashboard inside a test was not wrapped in act(...).

When testing, code that causes React state updates should be wrapped into act(...):

act(() =&gt; {
  /* fire events that update state */
});
/* assert on the output */

This ensures that you&apos;re testing the behavior the user would see in the browser. Learn more at https://reactjs.org/link/wrap-tests-with-act
    at AdminDashboard (/home/alex/projects/fin-model/frontend/src/pages/AdminDashboard.tsx:39:61)
Warning: An update to AdminDashboard inside a test was not wrapped in act(...).

When testing, code that causes React state updates should be wrapped into act(...):

act(() =&gt; {
  /* fire events that update state */
});
/* assert on the output */

This ensures that you&apos;re testing the behavior the user would see in the browser. Learn more at https://reactjs.org/link/wrap-tests-with-act
    at AdminDashboard (/home/alex/projects/fin-model/frontend/src/pages/AdminDashboard.tsx:39:61)

            </system-err>
        </testcase>
    </testsuite>
</testsuites>
